<?xml version="1.0" encoding="UTF-8"?>
<testng-results skipped="0" failed="0" ignored="0" total="1" passed="1">
  <reporter-output>
    <line>
      <![CDATA[<div style="display:block;margin-left:10px;"><div  class="teststeppass"><span class="teststeppass-label">T </span>Given User switches to flights</div><div  class="teststeppass"><span class="teststeppass-label">T </span>When User click in from button</div><div  class="teststeppass"><span class="teststeppass-label">T </span>And User enter the source name</div><div  class="teststeppass"><span class="teststeppass-label">T </span>And User selected the source name</div><div  class="teststeppass"><span class="teststeppass-label">T </span>And User click on destination btn</div><div  class="teststeppass"><span class="teststeppass-label">T </span>And User entered the destination city</div><div  class="teststeppass"><span class="teststeppass-label">T </span>And User selected the destination city</div><div  class="teststeppass"><span class="teststeppass-label">T </span>And User click on search button</div><div  class="teststeppass"><span class="teststeppass-label">T </span>And User selecting flight</div></div>]]>
    </line>
  </reporter-output>
  <suite name="QAS Demo" duration-ms="151025" started-at="2018-04-25T12:32:24Z" finished-at="2018-04-25T12:34:55Z">
    <groups>
      <group name="SMOKE">
        <method signature="scenarios.suite1.bdd.SampleTest()[pri:1000, instance:com.qmetry.qaf.automation.step.client.Scenario@3e8]" name="SampleTest" class="com.qmetry.qaf.automation.step.client.Scenario"/>
      </group> <!-- SMOKE -->
    </groups>
    <test name="BDD Test" duration-ms="151025" started-at="2018-04-25T12:32:24Z" finished-at="2018-04-25T12:34:55Z">
      <class name="com.qmetry.qaf.automation.step.client.Scenario">
        <test-method status="PASS" signature="setupSuit(org.testng.ITestContext)[pri:0, instance:com.qmetry.qaf.automation.step.client.Scenario@3e8]" test-instance-name="SampleTest" name="setupSuit" is-config="true" duration-ms="131" started-at="2018-04-25T18:02:24Z" finished-at="2018-04-25T18:02:24Z">
          <params>
            <param index="0">
              <value>
                <![CDATA[org.testng.TestRunner@7ff95560]]>
              </value>
            </param>
          </params>
          <reporter-output>
          </reporter-output>
        </test-method> <!-- setupSuit -->
        <test-method status="PASS" signature="setupTest(org.testng.ITestContext)[pri:0, instance:com.qmetry.qaf.automation.step.client.Scenario@3e8]" test-instance-name="SampleTest" name="setupTest" is-config="true" duration-ms="3" started-at="2018-04-25T18:02:24Z" finished-at="2018-04-25T18:02:24Z">
          <params>
            <param index="0">
              <value>
                <![CDATA[org.testng.TestRunner@7ff95560]]>
              </value>
            </param>
          </params>
          <reporter-output>
          </reporter-output>
        </test-method> <!-- setupTest -->
        <test-method status="PASS" signature="setup(org.testng.ITestContext)[pri:0, instance:com.qmetry.qaf.automation.step.client.Scenario@3e8]" test-instance-name="SampleTest" name="setup" is-config="true" duration-ms="3" started-at="2018-04-25T18:02:24Z" finished-at="2018-04-25T18:02:24Z">
          <params>
            <param index="0">
              <value>
                <![CDATA[org.testng.TestRunner@7ff95560]]>
              </value>
            </param>
          </params>
          <reporter-output>
          </reporter-output>
        </test-method> <!-- setup -->
        <test-method status="PASS" signature="setupMethod(java.lang.reflect.Method, org.testng.ITestContext)[pri:0, instance:com.qmetry.qaf.automation.step.client.Scenario@3e8]" test-instance-name="SampleTest" name="setupMethod" is-config="true" duration-ms="3" started-at="2018-04-25T18:02:24Z" finished-at="2018-04-25T18:02:24Z">
          <params>
            <param index="0">
              <value>
                <![CDATA[public void com.qmetry.qaf.automation.step.client.Scenario.scenario()]]>
              </value>
            </param>
            <param index="1">
              <value>
                <![CDATA[org.testng.TestRunner@7ff95560]]>
              </value>
            </param>
          </params>
          <reporter-output>
          </reporter-output>
        </test-method> <!-- setupMethod -->
        <test-method status="PASS" signature="SampleTest()[pri:1000, instance:com.qmetry.qaf.automation.step.client.Scenario@3e8]" test-instance-name="SampleTest" name="SampleTest" duration-ms="146953" started-at="2018-04-25T18:02:24Z" description="Sample Test Scenario" finished-at="2018-04-25T18:04:51Z">
          <reporter-output>
            <line>
              <![CDATA[<div style="display:block;margin-left:10px;"><div  class="teststeppass"><span class="teststeppass-label">T </span>Given User switches to flights</div><div  class="teststeppass"><span class="teststeppass-label">T </span>When User click in from button</div><div  class="teststeppass"><span class="teststeppass-label">T </span>And User enter the source name</div><div  class="teststeppass"><span class="teststeppass-label">T </span>And User selected the source name</div><div  class="teststeppass"><span class="teststeppass-label">T </span>And User click on destination btn</div><div  class="teststeppass"><span class="teststeppass-label">T </span>And User entered the destination city</div><div  class="teststeppass"><span class="teststeppass-label">T </span>And User selected the destination city</div><div  class="teststeppass"><span class="teststeppass-label">T </span>And User click on search button</div><div  class="teststeppass"><span class="teststeppass-label">T </span>And User selecting flight</div></div>]]>
            </line>
          </reporter-output>
        </test-method> <!-- SampleTest -->
        <test-method status="PASS" signature="afterMethod(org.testng.ITestContext, org.testng.ITestResult)[pri:0, instance:com.qmetry.qaf.automation.step.client.Scenario@3e8]" test-instance-name="SampleTest" name="afterMethod" is-config="true" duration-ms="2" started-at="2018-04-25T18:04:51Z" finished-at="2018-04-25T18:04:51Z">
          <params>
            <param index="0">
              <value>
                <![CDATA[org.testng.TestRunner@7ff95560]]>
              </value>
            </param>
            <param index="1">
              <value>
                <![CDATA[[TestResult name=SampleTest status=SUCCESS method=scenarios.suite1.bdd.SampleTest()[pri:1000, instance:com.qmetry.qaf.automation.step.client.Scenario@3e8] output=<div style="display:block;margin-left:10px;"><div  class="teststeppass"><span class="teststeppass-label">T </span>Given User switches to flights</div><div  class="teststeppass"><span class="teststeppass-label">T </span>When User click in from button</div><div  class="teststeppass"><span class="teststeppass-label">T </span>And User enter the source name</div><div  class="teststeppass"><span class="teststeppass-label">T </span>And User selected the source name</div><div  class="teststeppass"><span class="teststeppass-label">T </span>And User click on destination btn</div><div  class="teststeppass"><span class="teststeppass-label">T </span>And User entered the destination city</div><div  class="teststeppass"><span class="teststeppass-label">T </span>And User selected the destination city</div><div  class="teststeppass"><span class="teststeppass-label">T </span>And User click on search button</div><div  class="teststeppass"><span class="teststeppass-label">T </span>And User selecting flight</div></div>]]]>
              </value>
            </param>
          </params>
          <reporter-output>
          </reporter-output>
        </test-method> <!-- afterMethod -->
        <test-method status="PASS" signature="afterClass(org.testng.ITestContext)[pri:0, instance:com.qmetry.qaf.automation.step.client.Scenario@3e8]" test-instance-name="SampleTest" name="afterClass" is-config="true" duration-ms="0" started-at="2018-04-25T18:04:51Z" finished-at="2018-04-25T18:04:51Z">
          <params>
            <param index="0">
              <value>
                <![CDATA[org.testng.TestRunner@7ff95560]]>
              </value>
            </param>
          </params>
          <reporter-output>
          </reporter-output>
        </test-method> <!-- afterClass -->
        <test-method status="PASS" signature="afterTest(org.testng.ITestContext)[pri:0, instance:com.qmetry.qaf.automation.step.client.Scenario@3e8]" test-instance-name="SampleTest" name="afterTest" is-config="true" duration-ms="4011" started-at="2018-04-25T18:04:51Z" finished-at="2018-04-25T18:04:55Z">
          <params>
            <param index="0">
              <value>
                <![CDATA[org.testng.TestRunner@7ff95560]]>
              </value>
            </param>
          </params>
          <reporter-output>
          </reporter-output>
        </test-method> <!-- afterTest -->
        <test-method status="PASS" signature="afterSuit(org.testng.ITestContext)[pri:0, instance:com.qmetry.qaf.automation.step.client.Scenario@3e8]" test-instance-name="SampleTest" name="afterSuit" is-config="true" duration-ms="1" started-at="2018-04-25T18:04:55Z" finished-at="2018-04-25T18:04:55Z">
          <params>
            <param index="0">
              <value>
                <![CDATA[org.testng.TestRunner@7ff95560]]>
              </value>
            </param>
          </params>
          <reporter-output>
          </reporter-output>
        </test-method> <!-- afterSuit -->
      </class> <!-- com.qmetry.qaf.automation.step.client.Scenario -->
    </test> <!-- BDD Test -->
  </suite> <!-- QAS Demo -->
</testng-results>
